<?xml version="1.0" encoding="UTF-8"?>
<robot generator="Robot 3.1.2 (Python 3.7.3 on win32)" generated="20190526 18:43:48.475" rpa="false">
<suite id="s1" name="TestSuite1" source="C:\eclipse-WS\RobotProject\test\TestSuite1.robot">
<kw name="Log" library="BuiltIn" type="setup">
<doc>Logs the given message with the given level.</doc>
<arguments>
<arg>I am inside Suite Setup</arg>
</arguments>
<msg timestamp="20190526 18:43:48.819" level="INFO">I am inside Suite Setup</msg>
<status status="PASS" starttime="20190526 18:43:48.818" endtime="20190526 18:43:48.819"></status>
</kw>
<test id="s1-t1" name="MySecondTest">
<kw name="Log" library="BuiltIn" type="setup">
<doc>Logs the given message with the given level.</doc>
<arguments>
<arg>I am inside Test Setup</arg>
</arguments>
<msg timestamp="20190526 18:43:48.820" level="INFO">I am inside Test Setup</msg>
<status status="PASS" starttime="20190526 18:43:48.819" endtime="20190526 18:43:48.820"></status>
</kw>
<kw name="Log" library="BuiltIn">
<doc>Logs the given message with the given level.</doc>
<arguments>
<arg>Hello World..</arg>
</arguments>
<msg timestamp="20190526 18:43:48.821" level="INFO">Hello World..</msg>
<status status="PASS" starttime="20190526 18:43:48.821" endtime="20190526 18:43:48.821"></status>
</kw>
<kw name="Log" library="BuiltIn" type="teardown">
<doc>Logs the given message with the given level.</doc>
<arguments>
<arg>I am inside Test Teardown</arg>
</arguments>
<msg timestamp="20190526 18:43:48.822" level="INFO">I am inside Test Teardown</msg>
<status status="PASS" starttime="20190526 18:43:48.821" endtime="20190526 18:43:48.822"></status>
</kw>
<tags>
<tag>regression</tag>
<tag>Sanity</tag>
</tags>
<status status="PASS" starttime="20190526 18:43:48.819" endtime="20190526 18:43:48.822" critical="yes"></status>
</test>
<kw name="Log" library="BuiltIn" type="teardown">
<doc>Logs the given message with the given level.</doc>
<arguments>
<arg>I am inside Suite Teardown</arg>
</arguments>
<msg timestamp="20190526 18:43:48.825" level="INFO">I am inside Suite Teardown</msg>
<status status="PASS" starttime="20190526 18:43:48.825" endtime="20190526 18:43:48.825"></status>
</kw>
<status status="PASS" starttime="20190526 18:43:48.478" endtime="20190526 18:43:48.825"></status>
</suite>
<statistics>
<total>
<stat pass="1" fail="0">Critical Tests</stat>
<stat pass="1" fail="0">All Tests</stat>
</total>
<tag>
<stat pass="1" fail="0">regression</stat>
<stat pass="1" fail="0">Sanity</stat>
</tag>
<suite>
<stat pass="1" fail="0" id="s1" name="TestSuite1">TestSuite1</stat>
</suite>
</statistics>
<errors>
</errors>
</robot>
